<?php
    $conn=mysqli_connect("localhost","root","root","db_shop") or die("数据库服务器连接错误");//连接到MySQL服务器
    mysqli_query($conn,"set names gb2312");//设置编码格式
?>
[0428/202851.034:ERROR:crash_report_database_win.cc(469)] failed to stat report
[0428/202851.041:ERROR:crash_report_database_win.cc(469)] failed to stat report
[0428/202851.041:ERROR:crash_report_database_win.cc(469)] failed to stat report
[0428/202851.041:ERROR:crash_report_database_win.cc(469)] failed to stat report
[0428/202851.041:ERROR:crash_report_database_win.cc(469)] failed to stat report
[0428/210722.425:ERROR:crash_report_database_win.cc(469)] failed to stat report
[0428/210722.426:ERROR:crash_report_database_win.cc(469)] failed to stat report
[0428/210722.426:ERROR:crash_report_database_win.cc(469)] failed to stat report
[0428/210722.426:ERROR:crash_report_database_win.cc(469)] failed to stat report
[0428/210722.426:ERROR:crash_report_database_win.cc(469)] failed to stat report
[0429/154241.989:ERROR:crash_report_database_win.cc(469)] failed to stat report
[0429/154241.990:ERROR:crash_report_database_win.cc(469)] failed to stat report
[0429/154241.991:ERROR:crash_report_database_win.cc(469)] failed to stat report
[0429/154241.991:ERROR:crash_report_database_win.cc(469)] failed to stat report
[0429/154241.991:ERROR:crash_report_database_win.cc(469)] failed to stat report
[0430/144118.063:ERROR:crash_report_database_win.cc(469)] failed to stat report
[0430/144118.065:ERROR:crash_report_database_win.cc(469)] failed to stat report
[0430/144118.065:ERROR:crash_report_database_win.cc(469)] failed to stat report
[0430/144118.065:ERROR:crash_report_database_win.cc(469)] failed to stat report
[0430/144118.065:ERROR:crash_report_database_win.cc(469)] failed to stat report
[0430/172649.326:ERROR:crash_report_database_win.cc(469)] failed to stat report
[0430/172649.326:ERROR:crash_report_database_win.cc(469)] failed to stat report
[0430/172649.326:ERROR:crash_report_database_win.cc(469)] failed to stat report
[0430/172649.326:ERROR:crash_report_database_win.cc(469)] failed to stat report
[0430/172649.326:ERROR:crash_report_database_win.cc(469)] failed to stat report
[0430/173159.836:ERROR:crash_report_database_win.cc(469)] failed to stat report
[0430/173159.836:ERROR:crash_report_database_win.cc(469)] failed to stat report
[0430/173159.837:ERROR:crash_report_database_win.cc(469)] failed to stat report
[0430/173159.837:ERROR:crash_report_database_win.cc(469)] failed to stat report
[0430/173159.837:ERROR:crash_report_database_win.cc(469)] failed to stat report
[0430/173723.432:ERROR:crash_report_database_win.cc(469)] failed to stat report
[0430/173723.432:ERROR:crash_report_database_win.cc(469)] failed to stat report
[0430/173723.432:ERROR:crash_report_database_win.cc(469)] failed to stat report
[0430/173723.432:ERROR:crash_report_database_win.cc(469)] failed to stat report
[0430/173723.432:ERROR:crash_report_database_win.cc(469)] failed to stat report
